[2023-11-13 18:43:58,485: INFO: main: Welcome to custom log]
[13-Nov-23 18:44:52: INFO: main: Welcome to custom log]
[18-Nov-23 13:13:51: INFO: common: config\config.yaml loaded successfully.]
[18-Nov-23 13:13:51: INFO: common: params.yaml loaded successfully.]
[18-Nov-23 13:16:13: INFO: common: config\config.yaml loaded successfully.]
[18-Nov-23 13:16:13: INFO: common: secrets.yaml loaded successfully.]
[18-Nov-23 13:16:13: INFO: common: Created directory at: artifacts]
[18-Nov-23 13:16:13: INFO: common: Created directory at: artifacts/data_ingestion]
[18-Nov-23 13:17:16: INFO: common: config\config.yaml loaded successfully.]
[18-Nov-23 13:17:16: INFO: common: secrets.yaml loaded successfully.]
[18-Nov-23 13:17:16: INFO: common: Created directory at: artifacts]
[18-Nov-23 13:17:16: INFO: common: Created directory at: artifacts/data_ingestion]
[18-Nov-23 13:24:55: INFO: common: config\config.yaml loaded successfully.]
[18-Nov-23 13:24:55: INFO: common: secrets.yaml loaded successfully.]
[18-Nov-23 13:24:55: INFO: common: Created directory at: artifacts]
[18-Nov-23 13:24:55: INFO: common: Created directory at: artifacts/data_ingestion]
[18-Nov-23 13:25:14: INFO: common: config\config.yaml loaded successfully.]
[18-Nov-23 13:25:14: INFO: common: secrets.yaml loaded successfully.]
[18-Nov-23 13:25:14: INFO: common: Created directory at: artifacts]
[18-Nov-23 13:25:14: INFO: common: Created directory at: artifacts/data_ingestion]
[18-Nov-23 13:28:59: INFO: common: config\config.yaml loaded successfully.]
[18-Nov-23 13:28:59: INFO: common: secrets.yaml loaded successfully.]
[18-Nov-23 13:28:59: INFO: common: Created directory at: artifacts]
[18-Nov-23 13:28:59: INFO: common: Created directory at: artifacts/data_ingestion]
[18-Nov-23 13:37:18: INFO: common: config\config.yaml loaded successfully.]
[18-Nov-23 13:37:18: INFO: common: secrets.yaml loaded successfully.]
[18-Nov-23 13:37:18: INFO: common: Created directory at: artifacts]
[18-Nov-23 13:37:18: INFO: common: Created directory at: artifacts/data_ingestion]
[18-Nov-23 13:38:38: INFO: common: config\config.yaml loaded successfully.]
[18-Nov-23 13:38:38: INFO: common: secrets.yaml loaded successfully.]
[18-Nov-23 13:38:38: INFO: common: Created directory at: artifacts]
[18-Nov-23 13:38:38: INFO: common: Created directory at: artifacts/data_ingestion]
[18-Nov-23 13:59:05: INFO: common: config\config.yaml loaded successfully.]
[18-Nov-23 13:59:31: INFO: common: config\config.yaml loaded successfully.]
[18-Nov-23 13:59:31: INFO: common: Created directory at: artifacts]
[18-Nov-23 13:59:31: INFO: common: Created directory at: artifacts/data_ingestion]
[18-Nov-23 14:00:15: INFO: common: config\config.yaml loaded successfully.]
[18-Nov-23 14:00:15: INFO: common: Created directory at: artifacts]
[18-Nov-23 14:00:15: INFO: common: Created directory at: artifacts/data_ingestion]
[18-Nov-23 14:02:39: INFO: common: config\config.yaml loaded successfully.]
[18-Nov-23 14:02:39: INFO: common: Created directory at: artifacts]
[18-Nov-23 14:02:39: INFO: common: Created directory at: artifacts/data_ingestion]
[18-Nov-23 14:05:03: INFO: common: config\config.yaml loaded successfully.]
[18-Nov-23 14:05:03: INFO: common: Created directory at: artifacts]
[18-Nov-23 14:05:03: INFO: common: Created directory at: artifacts/data_ingestion]
[18-Nov-23 14:05:41: INFO: common: config\config.yaml loaded successfully.]
[18-Nov-23 14:05:41: INFO: common: Created directory at: artifacts]
[18-Nov-23 14:05:41: INFO: common: Created directory at: artifacts/data_ingestion]
[18-Nov-23 14:07:38: INFO: common: config\config.yaml loaded successfully.]
[18-Nov-23 14:07:38: INFO: common: Created directory at: artifacts]
[18-Nov-23 14:07:38: INFO: common: Created directory at: artifacts/data_ingestion]
[18-Nov-23 14:08:09: INFO: common: config\config.yaml loaded successfully.]
[18-Nov-23 14:08:09: INFO: common: Created directory at: artifacts]
[18-Nov-23 14:08:09: INFO: common: Created directory at: artifacts/data_ingestion]
[18-Nov-23 14:10:46: INFO: common: config\config.yaml loaded successfully.]
[18-Nov-23 14:10:47: INFO: common: Created directory at: artifacts]
[18-Nov-23 14:10:47: INFO: common: Created directory at: artifacts/data_ingestion]
[18-Nov-23 14:11:02: INFO: common: config\config.yaml loaded successfully.]
[18-Nov-23 14:11:03: INFO: common: Created directory at: artifacts]
[18-Nov-23 14:11:03: INFO: common: Created directory at: artifacts/data_ingestion]
[18-Nov-23 14:18:20: INFO: common: config\config.yaml loaded successfully.]
[18-Nov-23 14:18:20: INFO: common: Created directory at: artifacts]
[18-Nov-23 14:18:20: INFO: common: Created directory at: artifacts/data_ingestion]
[18-Nov-23 14:20:35: INFO: common: config\config.yaml loaded successfully.]
[18-Nov-23 14:20:35: INFO: common: Created directory at: artifacts]
[18-Nov-23 14:20:35: INFO: common: Created directory at: artifacts/data_ingestion]
[18-Nov-23 14:24:34: INFO: common: config\config.yaml loaded successfully.]
[18-Nov-23 14:24:34: INFO: common: Created directory at: artifacts]
[18-Nov-23 14:24:34: INFO: common: Created directory at: artifacts/data_ingestion]
[18-Nov-23 14:24:49: INFO: common: config\config.yaml loaded successfully.]
[18-Nov-23 14:24:49: INFO: common: Created directory at: artifacts]
[18-Nov-23 14:24:49: INFO: common: Created directory at: artifacts/data_ingestion]
[18-Nov-23 14:25:07: INFO: common: config\config.yaml loaded successfully.]
[18-Nov-23 14:25:07: INFO: common: Created directory at: artifacts]
[18-Nov-23 14:25:07: INFO: common: Created directory at: artifacts/data_ingestion]
[18-Nov-23 14:35:18: INFO: common: config\config.yaml loaded successfully.]
[18-Nov-23 14:35:18: INFO: common: Created directory at: artifacts]
[18-Nov-23 14:35:18: INFO: common: Created directory at: artifacts/data_ingestion]
[18-Nov-23 14:39:09: INFO: common: config\config.yaml loaded successfully.]
[18-Nov-23 14:39:09: INFO: common: Created directory at: artifacts]
[18-Nov-23 14:39:09: INFO: common: Created directory at: artifacts/data_ingestion]
[18-Nov-23 14:39:26: INFO: common: config\config.yaml loaded successfully.]
[18-Nov-23 14:39:26: INFO: common: Created directory at: artifacts]
[18-Nov-23 14:39:26: INFO: common: Created directory at: artifacts/data_ingestion]
[18-Nov-23 14:39:41: INFO: common: config\config.yaml loaded successfully.]
[18-Nov-23 14:39:41: INFO: common: Created directory at: artifacts]
[18-Nov-23 14:39:41: INFO: common: Created directory at: artifacts/data_ingestion]
[18-Nov-23 15:27:13: INFO: common: config\config.yaml loaded successfully.]
[18-Nov-23 15:27:13: INFO: common: Created directory at: artifacts]
[18-Nov-23 15:27:13: INFO: common: Created directory at: artifacts/data_ingestion]
[18-Nov-23 15:28:01: INFO: common: Created directory at: ~/.kaggle]
[18-Nov-23 15:28:29: INFO: common: Created directory at: /.kaggle]
[18-Nov-23 15:28:48: INFO: common: Created directory at: /.kaggle]
[18-Nov-23 15:29:11: INFO: common: Created directory at: .kaggle]
[18-Nov-23 15:37:42: INFO: common: config\config.yaml loaded successfully.]
[18-Nov-23 15:37:42: INFO: common: Created directory at: artifacts]
[18-Nov-23 15:37:42: INFO: common: Created directory at: artifacts/data_ingestion]
[18-Nov-23 15:37:57: INFO: common: config\config.yaml loaded successfully.]
[18-Nov-23 15:37:57: INFO: common: Created directory at: artifacts]
[18-Nov-23 15:37:57: INFO: common: Created directory at: artifacts/data_ingestion]
[18-Nov-23 15:38:29: INFO: common: config\config.yaml loaded successfully.]
[18-Nov-23 15:38:29: INFO: common: Created directory at: artifacts]
[18-Nov-23 15:38:29: INFO: common: Created directory at: artifacts/data_ingestion]
[18-Nov-23 15:38:39: INFO: common: config\config.yaml loaded successfully.]
[18-Nov-23 15:38:39: INFO: common: Created directory at: artifacts]
[18-Nov-23 15:38:39: INFO: common: Created directory at: artifacts/data_ingestion]
[18-Nov-23 15:40:15: INFO: common: config\config.yaml loaded successfully.]
[18-Nov-23 15:40:15: INFO: common: Created directory at: artifacts]
[18-Nov-23 15:40:15: INFO: common: Created directory at: artifacts/data_ingestion]
[18-Nov-23 15:40:58: INFO: common: config\config.yaml loaded successfully.]
[18-Nov-23 15:40:58: INFO: common: Created directory at: artifacts]
[18-Nov-23 15:40:58: INFO: common: Created directory at: artifacts/data_ingestion]
[18-Nov-23 15:41:26: INFO: common: config\config.yaml loaded successfully.]
[18-Nov-23 15:41:26: INFO: common: Created directory at: artifacts]
[18-Nov-23 15:41:26: INFO: common: Created directory at: artifacts/data_ingestion]
[18-Nov-23 15:44:52: INFO: common: config\config.yaml loaded successfully.]
[18-Nov-23 15:44:52: INFO: common: Created directory at: artifacts]
[18-Nov-23 15:44:52: INFO: common: Created directory at: artifacts/data_ingestion]
[18-Nov-23 15:45:09: INFO: common: config\config.yaml loaded successfully.]
[18-Nov-23 15:45:09: INFO: common: Created directory at: artifacts]
[18-Nov-23 15:45:09: INFO: common: Created directory at: artifacts/data_ingestion]
[18-Nov-23 15:45:28: INFO: common: config\config.yaml loaded successfully.]
[18-Nov-23 15:45:28: INFO: common: Created directory at: artifacts]
[18-Nov-23 15:45:28: INFO: common: Created directory at: artifacts/data_ingestion]
[18-Nov-23 15:47:42: INFO: common: config\config.yaml loaded successfully.]
[18-Nov-23 15:47:42: INFO: common: Created directory at: artifacts]
[18-Nov-23 15:47:42: INFO: common: Created directory at: artifacts/data_ingestion]
[18-Nov-23 16:05:03: INFO: common: config\config.yaml loaded successfully.]
[18-Nov-23 16:05:03: INFO: common: Created directory at: artifacts]
[18-Nov-23 16:05:03: INFO: common: Created directory at: artifacts/data_ingestion]
[18-Nov-23 16:07:14: INFO: common: config\config.yaml loaded successfully.]
[18-Nov-23 16:07:14: INFO: common: Created directory at: artifacts]
[18-Nov-23 16:07:14: INFO: common: Created directory at: artifacts/data_ingestion]
[18-Nov-23 16:07:27: INFO: common: config\config.yaml loaded successfully.]
[18-Nov-23 16:07:27: INFO: common: Created directory at: artifacts]
[18-Nov-23 16:07:27: INFO: common: Created directory at: artifacts/data_ingestion]
[18-Nov-23 16:07:52: INFO: common: config\config.yaml loaded successfully.]
[18-Nov-23 16:07:52: INFO: common: Created directory at: artifacts]
[18-Nov-23 16:07:52: INFO: common: Created directory at: artifacts/data_ingestion]
[18-Nov-23 16:10:25: INFO: common: config\config.yaml loaded successfully.]
[18-Nov-23 16:10:25: INFO: common: Created directory at: artifacts]
[18-Nov-23 16:10:25: INFO: common: Created directory at: artifacts/data_ingestion]
[18-Nov-23 16:15:42: INFO: common: config\config.yaml loaded successfully.]
[18-Nov-23 16:15:42: INFO: common: Created directory at: artifacts]
[18-Nov-23 16:15:42: INFO: common: Created directory at: artifacts/data_ingestion]
[18-Nov-23 16:22:06: INFO: common: config\config.yaml loaded successfully.]
[18-Nov-23 16:22:07: INFO: common: Created directory at: artifacts]
[18-Nov-23 16:22:07: INFO: common: Created directory at: artifacts/data_ingestion]
[18-Nov-23 16:22:33: INFO: common: config\config.yaml loaded successfully.]
[18-Nov-23 16:22:33: INFO: common: Created directory at: artifacts]
[18-Nov-23 16:22:33: INFO: common: Created directory at: artifacts/data_ingestion]
[18-Nov-23 16:28:02: INFO: common: config\config.yaml loaded successfully.]
[18-Nov-23 16:28:02: INFO: common: Created directory at: artifacts]
[18-Nov-23 16:28:02: INFO: common: Created directory at: artifacts/data_ingestion]
[18-Nov-23 16:31:31: INFO: common: config\config.yaml loaded successfully.]
[18-Nov-23 16:31:31: INFO: common: Created directory at: artifacts]
[18-Nov-23 16:31:31: INFO: common: Created directory at: artifacts/data_ingestion]
[18-Nov-23 16:38:31: INFO: common: config\config.yaml loaded successfully.]
[18-Nov-23 16:38:31: INFO: common: Created directory at: artifacts]
[18-Nov-23 16:38:31: INFO: common: Created directory at: artifacts/data_ingestion]
[18-Nov-23 16:39:29: INFO: common: config\config.yaml loaded successfully.]
[18-Nov-23 16:39:29: INFO: common: Created directory at: artifacts]
[18-Nov-23 16:39:29: INFO: common: Created directory at: artifacts/data_ingestion]
[18-Nov-23 16:45:00: INFO: common: config\config.yaml loaded successfully.]
[18-Nov-23 16:45:00: INFO: common: Created directory at: artifacts]
[18-Nov-23 16:45:00: INFO: common: Created directory at: artifacts/data_ingestion]
[18-Nov-23 16:45:28: INFO: common: config\config.yaml loaded successfully.]
[18-Nov-23 16:45:28: INFO: common: Created directory at: artifacts]
[18-Nov-23 16:45:28: INFO: common: Created directory at: artifacts/data_ingestion]
[18-Nov-23 16:45:46: INFO: common: config\config.yaml loaded successfully.]
[18-Nov-23 16:45:46: INFO: common: Created directory at: artifacts]
[18-Nov-23 16:45:46: INFO: common: Created directory at: artifacts/data_ingestion]
[18-Nov-23 16:52:06: INFO: common: config\config.yaml loaded successfully.]
[18-Nov-23 16:52:06: INFO: common: Created directory at: artifacts]
[18-Nov-23 16:52:06: INFO: common: Created directory at: artifacts/data_ingestion]
[18-Nov-23 16:52:25: INFO: common: config\config.yaml loaded successfully.]
[18-Nov-23 16:52:25: INFO: common: Created directory at: artifacts]
[18-Nov-23 16:52:25: INFO: common: Created directory at: artifacts/data_ingestion]
[18-Nov-23 16:53:19: INFO: common: config\config.yaml loaded successfully.]
[18-Nov-23 16:53:19: INFO: common: Created directory at: artifacts]
[18-Nov-23 16:53:19: INFO: common: Created directory at: artifacts/data_ingestion]
[18-Nov-23 17:08:27: INFO: common: config\config.yaml loaded successfully.]
[18-Nov-23 17:08:27: INFO: common: Created directory at: artifacts]
[18-Nov-23 17:08:27: INFO: common: Created directory at: artifacts/data_ingestion]
[18-Nov-23 17:08:27: INFO: 367324129: Kaggle Authentication successful.]
[18-Nov-23 17:08:27: INFO: 367324129: Downloading data from kaggle...]
[18-Nov-23 17:10:45: INFO: 367324129: gpiosenka/100-bird-species dataset downloaded and saved at artifacts/data_ingestion]
[18-Nov-23 17:12:35: INFO: common: config\config.yaml loaded successfully.]
[18-Nov-23 17:12:35: INFO: common: Created directory at: artifacts]
[18-Nov-23 17:12:35: INFO: common: Created directory at: artifacts/data_ingestion]
[18-Nov-23 17:12:35: INFO: 2766737115: Kaggle Authentication successful.]
[18-Nov-23 17:12:35: INFO: 2766737115: Downloading data from kaggle...]
[18-Nov-23 17:17:04: INFO: 2766737115: gpiosenka/100-bird-species dataset downloaded and saved at artifacts/data_ingestion]
[18-Nov-23 18:20:06: INFO: data_ingestion_pipeline: Starting Data Ingestion Stage]
[18-Nov-23 18:20:06: INFO: common: config\config.yaml loaded successfully.]
[18-Nov-23 18:20:06: INFO: common: params.yaml loaded successfully.]
[18-Nov-23 18:20:06: INFO: common: Created directory at: artifacts]
[18-Nov-23 18:20:06: INFO: common: Created directory at: artifacts/data_ingestion]
[18-Nov-23 18:20:06: INFO: data_ingestion: Kaggle Authentication successful.]
[18-Nov-23 18:20:06: INFO: data_ingestion: Downloading data from kaggle...]
[18-Nov-23 18:25:03: ERROR: main: 'DataIngestionConfig' object has no attribute 'source_URL']
Traceback (most recent call last):
  File "D:\ML Projects\bird_type_classification_project\main.py", line 7, in <module>
    data_ingestion_object.start()
  File "D:\ML Projects\bird_type_classification_project\src\cnnClassifier\pipeline\data_ingestion_pipeline.py", line 18, in start
    data_ingestion.download_data()
  File "d:\ml projects\bird_type_classification_project\src\cnnClassifier\components\data_ingestion.py", line 24, in download_data
    self.ingestion_config.source_URL, self.ingestion_config.root_dir)
    ^^^^^^^^^^^^^^^^^^^^^^^^^^^^^^^^
AttributeError: 'DataIngestionConfig' object has no attribute 'source_URL'
[19-Nov-23 19:14:08: INFO: common: config\config.yaml loaded successfully.]
[19-Nov-23 19:14:08: INFO: common: params.yaml loaded successfully.]
[19-Nov-23 19:14:08: INFO: common: Created directory at: artifacts]
[19-Nov-23 19:14:08: INFO: common: Created directory at: artifacts/prepare_base_model]
[19-Nov-23 19:14:13: WARNING: saving_utils: Compiled the loaded model, but the compiled metrics have yet to be built. `model.compile_metrics` will be empty until you train or evaluate the model.]
[19-Nov-23 19:14:31: INFO: common: config\config.yaml loaded successfully.]
[19-Nov-23 19:14:31: INFO: common: params.yaml loaded successfully.]
[19-Nov-23 19:14:31: INFO: common: Created directory at: artifacts]
[19-Nov-23 19:14:31: INFO: common: Created directory at: artifacts/prepare_base_model]
[19-Nov-23 19:14:33: WARNING: saving_utils: Compiled the loaded model, but the compiled metrics have yet to be built. `model.compile_metrics` will be empty until you train or evaluate the model.]
[19-Nov-23 19:15:18: INFO: common: config\config.yaml loaded successfully.]
[19-Nov-23 19:15:18: INFO: common: params.yaml loaded successfully.]
[19-Nov-23 19:15:18: INFO: common: Created directory at: artifacts]
[19-Nov-23 19:15:18: INFO: common: Created directory at: artifacts/prepare_base_model]
[19-Nov-23 19:15:20: WARNING: saving_utils: Compiled the loaded model, but the compiled metrics have yet to be built. `model.compile_metrics` will be empty until you train or evaluate the model.]
[19-Nov-23 19:17:53: INFO: common: config\config.yaml loaded successfully.]
[19-Nov-23 19:17:53: INFO: common: params.yaml loaded successfully.]
[19-Nov-23 19:17:53: INFO: common: Created directory at: artifacts]
[19-Nov-23 19:17:53: INFO: common: Created directory at: artifacts/prepare_base_model]
[19-Nov-23 19:17:55: WARNING: saving_utils: Compiled the loaded model, but the compiled metrics have yet to be built. `model.compile_metrics` will be empty until you train or evaluate the model.]
[19-Nov-23 19:18:19: INFO: common: config\config.yaml loaded successfully.]
[19-Nov-23 19:18:19: INFO: common: params.yaml loaded successfully.]
[19-Nov-23 19:18:19: INFO: common: Created directory at: artifacts]
[19-Nov-23 19:18:19: INFO: common: Created directory at: artifacts/prepare_base_model]
[19-Nov-23 19:18:21: WARNING: saving_utils: Compiled the loaded model, but the compiled metrics have yet to be built. `model.compile_metrics` will be empty until you train or evaluate the model.]
[19-Nov-23 20:48:52: INFO: utils: Note: NumExpr detected 12 cores but "NUMEXPR_MAX_THREADS" not set, so enforcing safe limit of 8.]
[19-Nov-23 20:48:52: INFO: utils: NumExpr defaulting to 8 threads.]
[19-Nov-23 20:49:01: INFO: prepare_base_model_pipeline: Starting Base Model Preparation Stage]
[19-Nov-23 20:49:02: INFO: common: config\config.yaml loaded successfully.]
[19-Nov-23 20:49:02: INFO: common: params.yaml loaded successfully.]
[19-Nov-23 20:49:02: INFO: common: Created directory at: artifacts]
[19-Nov-23 20:49:02: INFO: common: Created directory at: artifacts/prepare_base_model]
[19-Nov-23 20:49:05: WARNING: saving_utils: Compiled the loaded model, but the compiled metrics have yet to be built. `model.compile_metrics` will be empty until you train or evaluate the model.]
[19-Nov-23 20:49:06: INFO: prepare_base_model_pipeline: Base model saved successfully.]
[19-Nov-23 20:49:09: INFO: prepare_base_model_pipeline: Updated model saved successfully.]
[19-Nov-23 20:49:09: INFO: prepare_base_model_pipeline: Base Model Preparation Stage completed successfully.]
